<?xml version="1.0" encoding="UTF-8"?>
<!-- Generated by org.testng.reporters.JUnitXMLReporter -->
<testsuite ignored="0" hostname="Diram" failures="0" tests="2" name="Error Validation Test" time="36.371" errors="0" timestamp="2024-02-25T01:40:56 EST">
  <testcase classname="rahulshettyacademy.SeleniumDesignFramework.Test.ErrorValidationTest" name="LoginErrorOrder" time="0.809"/>
  <testcase classname="rahulshettyacademy.SeleniumDesignFramework.Test.ErrorValidationTest" name="ProductErrorValidation" time="14.412"/>
</testsuite> <!-- Error Validation Test -->
