<?xml version="1.0" encoding="UTF-8"?>
<!-- Generated by org.testng.reporters.JUnitXMLReporter -->
<testsuite ignored="0" hostname="Diram" failures="0" tests="3" name="Submit Order Test" time="36.468" errors="0" timestamp="2024-02-25T01:40:56 EST">
  <testcase classname="rahulshettyacademy.SeleniumDesignFramework.Test.SubmitOrderTest" name="SubmitOrder" time="4.757"/>
  <testcase classname="rahulshettyacademy.SeleniumDesignFramework.Test.SubmitOrderTest" name="SubmitOrder" time="5.08"/>
  <testcase classname="rahulshettyacademy.SeleniumDesignFramework.Test.SubmitOrderTest" name="OrderHistoryTest" time="1.681"/>
</testsuite> <!-- Submit Order Test -->
