<?xml version="1.0" encoding="UTF-8"?>
<!-- Generated by org.testng.reporters.JUnitXMLReporter -->
<testsuite ignored="0" hostname="Diram" failures="0" tests="2" name="Error Validation Test" time="29.219" errors="0" timestamp="2024-03-03T17:20:03 EST">
  <testcase classname="rahulshettyacademy.SeleniumDesignFramework.Test.ErrorValidationTest" name="LoginErrorOrder" time="1.229"/>
  <testcase classname="rahulshettyacademy.SeleniumDesignFramework.Test.ErrorValidationTest" name="ProductErrorValidation" time="13.696"/>
</testsuite> <!-- Error Validation Test -->
