<?xml version="1.0" encoding="UTF-8"?>
<!-- Generated by org.testng.reporters.JUnitXMLReporter -->
<testsuite ignored="0" hostname="Diram" failures="0" tests="3" name="Submit Order Test" time="29.123" errors="0" timestamp="2024-03-03T17:20:03 EST">
  <testcase classname="rahulshettyacademy.SeleniumDesignFramework.Test.SubmitOrderTest" name="SubmitOrder" time="3.917"/>
  <testcase classname="rahulshettyacademy.SeleniumDesignFramework.Test.SubmitOrderTest" name="SubmitOrder" time="4.913"/>
  <testcase classname="rahulshettyacademy.SeleniumDesignFramework.Test.SubmitOrderTest" name="OrderHistoryTest" time="1.418"/>
</testsuite> <!-- Submit Order Test -->
